<?xml version="1.0" encoding="UTF-8"?>
<!-- Generated by org.testng.reporters.JUnitXMLReporter -->
<testsuite hostname="FINXL-MEL-LT40" ignored="0" name="Test" tests="3" failures="0" timestamp="2020-04-25T21:44:04 GMT+10:00" time="41.834" errors="0">
  <testcase name="feature" time="13.617" classname="cucumber.api.testng.AbstractTestNGCucumberTests"/>
  <testcase name="feature" time="14.46" classname="cucumber.api.testng.AbstractTestNGCucumberTests"/>
  <testcase name="feature" time="13.161" classname="cucumber.api.testng.AbstractTestNGCucumberTests"/>
</testsuite> <!-- Test -->
