<?xml version="1.0" encoding="UTF-8"?>
<testsuite xmlns:xsi="http://www.w3.org/2001/XMLSchema-instance" xsi:noNamespaceSchemaLocation="https://maven.apache.org/surefire/maven-surefire-plugin/xsd/surefire-test-report-3.0.xsd" version="3.0" name="TestSuite" time="43.934" tests="3" errors="0" skipped="0" failures="0">
  <properties>
[...]
</properties>
  <testcase name="feature" classname="Runner.TestRunner" time="13.651"/>
  <testcase name="feature" classname="Runner.TestRunner" time="14.562"/>
  <testcase name="feature" classname="Runner.TestRunner" time="13.094"/>
</testsuite>